#
# There is insufficient memory for the Java Runtime Environment to continue.
# Native memory allocation (malloc) failed to allocate 63744 bytes for Chunk::new
# Possible reasons:
#   The system is out of physical RAM or swap space
#   In 32 bit mode, the process size limit was hit
# Possible solutions:
#   Reduce memory load on the system
#   Increase physical memory or swap space
#   Check if swap backing store is full
#   Use 64 bit Java on a 64 bit OS
#   Decrease Java heap size (-Xmx/-Xms)
#   Decrease number of Java threads
#   Decrease Java thread stack sizes (-Xss)
#   Set larger code cache with -XX:ReservedCodeCacheSize=
# This output file may be truncated or incomplete.
#
#  Out of Memory Error (allocation.cpp:390), pid=5004, tid=0x0000000000001f5c
#
# JRE version: Java(TM) SE Runtime Environment (8.0_144-b01) (build 1.8.0_144-b01)
# Java VM: Java HotSpot(TM) 64-Bit Server VM (25.144-b01 mixed mode windows-amd64 compressed oops)
# Failed to write core dump. Minidumps are not enabled by default on client versions of Windows
#

---------------  T H R E A D  ---------------

Current thread (0x000000001bc2e000):  JavaThread "C2 CompilerThread0" daemon [_thread_in_native, id=8028, stack(0x000000001d270000,0x000000001d370000)]

Stack: [0x000000001d270000,0x000000001d370000]
[error occurred during error reporting (printing stack bounds), id 0xc0000005]

Native frames: (J=compiled Java code, j=interpreted, Vv=VM code, C=native code)


Current CompileTask:
C2:   2681  802       4       com.android.dx.ssa.NormalSsaInsn::mapSourceRegisters (48 bytes)


---------------  P R O C E S S  ---------------

Java Threads: ( => current thread )
  0x000000001d6ef800 JavaThread "pool-2-thread-4" [_thread_in_Java, id=8988, stack(0x000000001df70000,0x000000001e070000)]
  0x000000001d6ee800 JavaThread "pool-2-thread-3" [_thread_blocked, id=6840, stack(0x000000001de70000,0x000000001df70000)]
  0x000000001d6ed800 JavaThread "pool-2-thread-2" [_thread_in_Java, id=5224, stack(0x000000001dd70000,0x000000001de70000)]
  0x000000001d6e7000 JavaThread "pool-3-thread-1" [_thread_blocked, id=4244, stack(0x000000001dc70000,0x000000001dd70000)]
  0x000000001d6e5800 JavaThread "pool-2-thread-1" [_thread_in_Java, id=7260, stack(0x000000001db70000,0x000000001dc70000)]
  0x000000001d475800 JavaThread "Service Thread" daemon [_thread_blocked, id=8184, stack(0x000000001d970000,0x000000001da70000)]
  0x000000001bc8d800 JavaThread "C1 CompilerThread2" daemon [_thread_in_native, id=5128, stack(0x000000001d870000,0x000000001d970000)]
  0x000000001bc87800 JavaThread "C2 CompilerThread1" daemon [_thread_blocked, id=3000, stack(0x000000001d370000,0x000000001d470000)]
=>0x000000001bc2e000 JavaThread "C2 CompilerThread0" daemon [_thread_in_native, id=8028, stack(0x000000001d270000,0x000000001d370000)]
  0x000000001bc2c800 JavaThread "Attach Listener" daemon [_thread_blocked, id=5304, stack(0x000000001d170000,0x000000001d270000)]
  0x000000001bc2b000 JavaThread "Signal Dispatcher" daemon [_thread_blocked, id=7960, stack(0x000000001d070000,0x000000001d170000)]
  0x000000000255b800 JavaThread "Finalizer" daemon [_thread_blocked, id=6632, stack(0x000000001ce90000,0x000000001cf90000)]
  0x000000001bbf9000 JavaThread "Reference Handler" daemon [_thread_blocked, id=1660, stack(0x000000001cd90000,0x000000001ce90000)]
  0x0000000000bfd800 JavaThread "main" [_thread_blocked, id=2364, stack(0x0000000002360000,0x0000000002460000)]

Other Threads:
  0x000000001bbf7000 VMThread [stack: 0x000000001cc90000,0x000000001cd90000] [id=7972]
  0x000000001d48a800 WatcherThread [stack: 0x000000001da70000,0x000000001db70000] [id=6104]

VM state:not at safepoint (normal execution)

VM Mutex/Monitor currently owned by a thread: None

Heap:
 PSYoungGen      total 37888K, used 18041K [0x000000076ab00000, 0x000000076d500000, 0x00000007c0000000)
  eden space 32768K, 55% used [0x000000076ab00000,0x000000076bc9e438,0x000000076cb00000)
  from space 5120K, 0% used [0x000000076d000000,0x000000076d000000,0x000000076d500000)
  to   space 5120K, 0% used [0x000000076cb00000,0x000000076cb00000,0x000000076d000000)
 ParOldGen       total 86016K, used 0K [0x00000006c0000000, 0x00000006c5400000, 0x000000076ab00000)
  object space 86016K, 0% used [0x00000006c0000000,0x00000006c0000000,0x00000006c5400000)
 Metaspace       used 5941K, capacity 6808K, committed 7168K, reserved 1056768K
  class space    used 617K, capacity 656K, committed 768K, reserved 1048576K

Card table byte_map: [0x0000000011920000,0x0000000012130000] byte_map_base: 0x000000000e320000

Marking Bits: (ParMarkBitMap*) 0x000000006b04d850
 Begin Bits: [0x0000000012a90000, 0x0000000016a90000)
 End Bits:   [0x0000000016a90000, 0x000000001aa90000)

Polling page: 0x0000000000b10000

CodeCache: size=245760Kb used=3056Kb max_used=3067Kb free=242703Kb
 bounds [0x0000000002560000, 0x0000000002870000, 0x0000000011560000]
 total_blobs=1062 nmethods=792 adapters=183
 compilation: enabled

Compilation events (10 events):
Event: 2.668 Thread 0x000000001bc2e000 nmethod 799 0x0000000002850110 code [0x0000000002850260, 0x00000000028503d8]
Event: 2.668 Thread 0x000000001bc2e000  802       4       com.android.dx.ssa.NormalSsaInsn::mapSourceRegisters (48 bytes)
Event: 2.669 Thread 0x000000001bc8d800 nmethod 800 0x000000000285c450 code [0x000000000285c860, 0x000000000285ed78]
Event: 2.669 Thread 0x000000001bc8d800  807   !   3       com.android.dx.cf.code.RopperMachine::run (1581 bytes)
Event: 2.672 Thread 0x000000001bc87800 nmethod 801 0x0000000002860690 code [0x0000000002860800, 0x0000000002860ef8]
Event: 2.672 Thread 0x000000001bc87800  809       4       com.android.dx.util.FixedSizeList::equals (41 bytes)
Event: 2.679 Thread 0x000000001bc87800 nmethod 809 0x0000000002861690 code [0x0000000002861800, 0x0000000002861f18]
Event: 2.679 Thread 0x000000001bc87800  820       4       com.android.dx.util.Bits::findFirst (61 bytes)
Event: 2.680 Thread 0x000000001bc87800 nmethod 820 0x000000000285abd0 code [0x000000000285ad00, 0x000000000285add8]
Event: 2.680 Thread 0x000000001bc87800  825       4       com.android.dx.rop.code.RegisterSpecList::get (9 bytes)

GC Heap History (0 events):
No events

Deoptimization events (10 events):
Event: 2.648 Thread 0x000000001d6ef800 Uncommon trap: reason=class_check action=maybe_recompile pc=0x00000000027996b0 method=com.android.dx.ssa.NormalSsaInsn.accept(Lcom/android/dx/ssa/SsaInsn$Visitor;)V @ 9
Event: 2.648 Thread 0x000000001d6ef800 Uncommon trap: reason=class_check action=maybe_recompile pc=0x00000000027996b0 method=com.android.dx.ssa.NormalSsaInsn.accept(Lcom/android/dx/ssa/SsaInsn$Visitor;)V @ 9
Event: 2.648 Thread 0x000000001d6ef800 Uncommon trap: reason=class_check action=maybe_recompile pc=0x00000000027996b0 method=com.android.dx.ssa.NormalSsaInsn.accept(Lcom/android/dx/ssa/SsaInsn$Visitor;)V @ 9
Event: 2.650 Thread 0x000000001d6ef800 Uncommon trap: reason=class_check action=maybe_recompile pc=0x00000000027e3538 method=com.android.dx.ssa.NormalSsaInsn.accept(Lcom/android/dx/ssa/SsaInsn$Visitor;)V @ 9
Event: 2.659 Thread 0x000000001d6ef800 Uncommon trap: reason=unstable_if action=reinterpret pc=0x000000000280f2e8 method=java.util.HashMap.getNode(ILjava/lang/Object;)Ljava/util/HashMap$Node; @ 129
Event: 2.665 Thread 0x000000001d6ee800 Uncommon trap: reason=class_check action=maybe_recompile pc=0x0000000002818030 method=com.android.dx.rop.type.Type.equals(Ljava/lang/Object;)Z @ 8
Event: 2.666 Thread 0x000000001d6ee800 Uncommon trap: reason=class_check action=maybe_recompile pc=0x0000000002818030 method=com.android.dx.rop.type.Type.equals(Ljava/lang/Object;)Z @ 8
Event: 2.670 Thread 0x000000001d6ed800 Uncommon trap: reason=class_check action=maybe_recompile pc=0x0000000002818030 method=com.android.dx.rop.type.Type.equals(Ljava/lang/Object;)Z @ 8
Event: 2.670 Thread 0x000000001d6ed800 Uncommon trap: reason=null_check action=make_not_entrant pc=0x0000000002818040 method=com.android.dx.rop.type.Type.equals(Ljava/lang/Object;)Z @ 8
Event: 2.671 Thread 0x000000001d6ed800 Uncommon trap: reason=unstable_if action=reinterpret pc=0x00000000027937f8 method=java.util.BitSet.ensureCapacity(I)V @ 6

Internal exceptions (3 events):
Event: 1.518 Thread 0x0000000000bfd800 Exception <a 'java/lang/NoSuchMethodError': Method sun.misc.Unsafe.defineClass(Ljava/lang/String;[BII)Ljava/lang/Class; name or signature does not match> (0x000000076ab07ca8) thrown at [C:\re\workspace\8-2-build-windows-amd64-cygwin\jdk8u144\9417\hotspot\
Event: 1.518 Thread 0x0000000000bfd800 Exception <a 'java/lang/NoSuchMethodError': Method sun.misc.Unsafe.prefetchRead(Ljava/lang/Object;J)V name or signature does not match> (0x000000076ab07f90) thrown at [C:\re\workspace\8-2-build-windows-amd64-cygwin\jdk8u144\9417\hotspot\src\share\vm\prims
Event: 2.670 Thread 0x000000001d6ed800 Implicit null exception at 0x0000000002817f22 to 0x0000000002818031

Events (10 events):
Event: 2.670 Thread 0x000000001d6ed800 DEOPT PACKING pc=0x0000000002818030 sp=0x000000001de6e7a0
Event: 2.670 Thread 0x000000001d6ed800 DEOPT UNPACKING pc=0x00000000025a582a sp=0x000000001de6e738 mode 2
Event: 2.670 Thread 0x000000001d6ed800 Uncommon trap: trap_request=0xfffffff4 fr.pc=0x0000000002818040
Event: 2.670 Thread 0x000000001d6ed800 DEOPT PACKING pc=0x0000000002818040 sp=0x000000001de6ebe0
Event: 2.670 Thread 0x000000001d6ed800 DEOPT UNPACKING pc=0x00000000025a582a sp=0x000000001de6eb88 mode 2
Event: 2.670 loading class java/util/DualPivotQuicksort
Event: 2.670 loading class java/util/DualPivotQuicksort done
Event: 2.671 Thread 0x000000001d6ed800 Uncommon trap: trap_request=0xffffff65 fr.pc=0x00000000027937f8
Event: 2.671 Thread 0x000000001d6ed800 DEOPT PACKING pc=0x00000000027937f8 sp=0x000000001de6edc0
Event: 2.671 Thread 0x000000001d6ed800 DEOPT UNPACKING pc=0x00000000025a582a sp=0x000000001de6eca8 mode 2


Dynamic libraries:
0x00007ff64bc80000 - 0x00007ff64bcb7000 	C:\Program Files\Java\jdk1.8.0_144\bin\java.exe
0x00007ffbdab00000 - 0x00007ffbdacad000 	C:\Windows\SYSTEM32\ntdll.dll
0x00007ffbd9c20000 - 0x00007ffbd9d5e000 	C:\Windows\system32\KERNEL32.DLL
0x00007ffbd7cf0000 - 0x00007ffbd7e05000 	C:\Windows\system32\KERNELBASE.dll
0x00007ffbd67f0000 - 0x00007ffbd687e000 	C:\Windows\system32\apphelp.dll
0x00007ffbd30b0000 - 0x00007ffbd3103000 	C:\Windows\AppPatch\AppPatch64\AcGenral.DLL
0x00007ffbd9a60000 - 0x00007ffbd9b0a000 	C:\Windows\system32\msvcrt.dll
0x00007ffbd8150000 - 0x00007ffbd817e000 	C:\Windows\system32\SspiCli.dll
0x00007ffbd8190000 - 0x00007ffbd81e4000 	C:\Windows\system32\SHLWAPI.dll
0x00007ffbda030000 - 0x00007ffbda1a7000 	C:\Windows\system32\USER32.dll
0x00007ffbda550000 - 0x00007ffbda6e4000 	C:\Windows\system32\ole32.dll
0x00007ffbd81f0000 - 0x00007ffbd9718000 	C:\Windows\system32\SHELL32.dll
0x00007ffbd71f0000 - 0x00007ffbd7211000 	C:\Windows\SYSTEM32\USERENV.dll
0x00007ffbd9b70000 - 0x00007ffbd9c1a000 	C:\Windows\system32\ADVAPI32.dll
0x00007ffbcbbd0000 - 0x00007ffbcbbee000 	C:\Windows\SYSTEM32\MPR.dll
0x00007ffbda1b0000 - 0x00007ffbda2f0000 	C:\Windows\system32\RPCRT4.dll
0x00007ffbda870000 - 0x00007ffbda8c9000 	C:\Windows\SYSTEM32\sechost.dll
0x00007ffbda2f0000 - 0x00007ffbda501000 	C:\Windows\SYSTEM32\combase.dll
0x00007ffbd9850000 - 0x00007ffbd999f000 	C:\Windows\system32\GDI32.dll
0x00007ffbd7c20000 - 0x00007ffbd7c35000 	C:\Windows\SYSTEM32\profapi.dll
0x00007ffbd6000000 - 0x00007ffbd60b2000 	C:\Windows\SYSTEM32\SHCORE.dll
0x00007ffbda510000 - 0x00007ffbda546000 	C:\Windows\system32\IMM32.DLL
0x00007ffbda710000 - 0x00007ffbda862000 	C:\Windows\system32\MSCTF.dll
0x00007ffbd5370000 - 0x00007ffbd55eb000 	C:\Windows\WinSxS\amd64_microsoft.windows.common-controls_6595b64144ccf1df_6.0.9600.18006_none_623f33d3ecbe86e8\COMCTL32.dll
0x000000006b0d0000 - 0x000000006b1a2000 	C:\Program Files\Java\jdk1.8.0_144\jre\bin\msvcr100.dll
0x000000006a830000 - 0x000000006b0cd000 	C:\Program Files\Java\jdk1.8.0_144\jre\bin\server\jvm.dll
0x00007ffbd4d20000 - 0x00007ffbd4d29000 	C:\Windows\SYSTEM32\WSOCK32.dll
0x00007ffbc4aa0000 - 0x00007ffbc4ac2000 	C:\Windows\SYSTEM32\WINMM.dll
0x00007ffbd06e0000 - 0x00007ffbd06ea000 	C:\Windows\SYSTEM32\VERSION.dll
0x00007ffbda700000 - 0x00007ffbda707000 	C:\Windows\system32\PSAPI.DLL
0x00007ffbd97f0000 - 0x00007ffbd984a000 	C:\Windows\system32\WS2_32.dll
0x00007ffbc4a70000 - 0x00007ffbc4a9a000 	C:\Windows\SYSTEM32\WINMMBASE.dll
0x00007ffbda6f0000 - 0x00007ffbda6f9000 	C:\Windows\system32\NSI.dll
0x00007ffbd7ff0000 - 0x00007ffbd803f000 	C:\Windows\SYSTEM32\cfgmgr32.dll
0x00007ffbd6a40000 - 0x00007ffbd6a68000 	C:\Windows\SYSTEM32\DEVOBJ.dll
0x000000006a820000 - 0x000000006a82f000 	C:\Program Files\Java\jdk1.8.0_144\jre\bin\verify.dll
0x000000006a7f0000 - 0x000000006a819000 	C:\Program Files\Java\jdk1.8.0_144\jre\bin\java.dll
0x000000006a7d0000 - 0x000000006a7e6000 	C:\Program Files\Java\jdk1.8.0_144\jre\bin\zip.dll

VM Arguments:
jvm_args: -Djava.awt.headless=true -Xmx4g -Dfile.encoding=windows-1252 -Duser.country=IN -Duser.language=en -Duser.variant 
java_command: com.android.dx.command.Main --dex --force-jumbo --num-threads=4 --multi-dex --output C:\Users\user\Desktop\Monika(Dec)\Mp Retailer 3\app\build\intermediates\transforms\dex\debug\folders\1000\10\classes_7f4689dd58c2ffb4a0ce42441e8d162633e590a9 C:\Users\user\.android\build-cache\52fea9d14aa0d0ada0979c7ce395375305f54b08\output\jars\classes.jar
java_class_path (initial): C:\Users\Administrator\AppData\Local\Android\Sdk\build-tools\26.0.0\lib\dx.jar
Launcher Type: SUN_STANDARD

Environment Variables:
JAVA_HOME= C:\Program Files\Java\jdk1.8.0_144\bin
PATH=C:\Users\user\bin;C:\Windows\system32;C:\Windows;C:\Windows\System32\Wbem;C:\Windows\System32\WindowsPowerShell\v1.0\;C:\Program Files\Microsoft SQL Server\Client SDK\ODBC\110\Tools\Binn\;C:\Program Files (x86)\Microsoft SQL Server\120\Tools\Binn\;C:\Program Files\Microsoft SQL Server\120\Tools\Binn\;C:\Program Files\Microsoft SQL Server\120\DTS\Binn\;C:\Program Files (x86)\Microsoft SQL Server\120\Tools\Binn\ManagementStudio\;C:\Program Files (x86)\Microsoft SQL Server\120\DTS\Binn\;C:\Users\user\.dnx\bin;C:\Program Files\Microsoft DNX\Dnvm\;C:\Program Files\Microsoft SQL Server\130\Tools\Binn\;C:\Program Files\TortoiseSVN\bin;C:\Program Files (x86)\VisualSVN\bin;C:\Program Files (x86)\Microsoft SQL Server\110\Tools\Binn\ManagementStudio\;C:\Program Files (x86)\Microsoft SQL Server\110\Tools\Binn\;C:\Program Files (x86)\Microsoft Visual Studio 11.0\Common7\IDE\PrivateAssemblies\;C:\Program Files (x86)\Microsoft SQL Server\110\DTS\Binn\;C:\Program Files (x86)\Microsoft SQL Server\130\DTS\Binn\;C:\Program Files\Java\jdk1.8.0_144\bin; ;C:\Program Files\Java\jdk1.8.0_144\bin:
USERNAME=User
OS=Windows_NT
PROCESSOR_IDENTIFIER=Intel64 Family 6 Model 60 Stepping 3, GenuineIntel



---------------  S Y S T E M  ---------------

OS: Windows 8.1 , 64 bit Build 9600 (6.3.9600.17415)

CPU:total 4 (initial active 4) (2 cores per cpu, 2 threads per core) family 6 model 60 stepping 3, cmov, cx8, fxsr, mmx, sse, sse2, sse3, ssse3, sse4.1, sse4.2, popcnt, avx, avx2, aes, clmul, erms, lzcnt, ht, tsc, tscinvbit, bmi1, bmi2

Memory: 4k page, physical 8254472k(470196k free), swap 14888552k(4100k free)

vm_info: Java HotSpot(TM) 64-Bit Server VM (25.144-b01) for windows-amd64 JRE (1.8.0_144-b01), built on Jul 21 2017 21:57:33 by "java_re" with MS VC++ 10.0 (VS2010)

time: Mon Jun 04 19:27:36 2018
elapsed time: 2 seconds (0d 0h 0m 2s)

