#
# There is insufficient memory for the Java Runtime Environment to continue.
# Native memory allocation (malloc) failed to allocate 32744 bytes for ChunkPool::allocate
# Possible reasons:
#   The system is out of physical RAM or swap space
#   In 32 bit mode, the process size limit was hit
# Possible solutions:
#   Reduce memory load on the system
#   Increase physical memory or swap space
#   Check if swap backing store is full
#   Use 64 bit Java on a 64 bit OS
#   Decrease Java heap size (-Xmx/-Xms)
#   Decrease number of Java threads
#   Decrease Java thread stack sizes (-Xss)
#   Set larger code cache with -XX:ReservedCodeCacheSize=
# This output file may be truncated or incomplete.
#
#  Out of Memory Error (allocation.cpp:273), pid=8680, tid=0x0000000000001d0c
#
# JRE version: Java(TM) SE Runtime Environment (8.0_144-b01) (build 1.8.0_144-b01)
# Java VM: Java HotSpot(TM) 64-Bit Server VM (25.144-b01 mixed mode windows-amd64 compressed oops)
# Failed to write core dump. Minidumps are not enabled by default on client versions of Windows
#

---------------  T H R E A D  ---------------

Current thread (0x000000001bd2f000):  JavaThread "C2 CompilerThread0" daemon [_thread_in_native, id=7436, stack(0x000000001d2a0000,0x000000001d3a0000)]

Stack: [0x000000001d2a0000,0x000000001d3a0000]
[error occurred during error reporting (printing stack bounds), id 0xc0000005]

Native frames: (J=compiled Java code, j=interpreted, Vv=VM code, C=native code)


Current CompileTask:
C2:  31296 3019   !   4       com.android.dx.dex.cf.CfTranslator::processMethods (597 bytes)


---------------  P R O C E S S  ---------------

Java Threads: ( => current thread )
  0x000000001d90f000 JavaThread "pool-2-thread-4" [_thread_blocked, id=6884, stack(0x000000001e7a0000,0x000000001e8a0000)]
  0x000000001d90e800 JavaThread "pool-2-thread-3" [_thread_blocked, id=7812, stack(0x000000001e6a0000,0x000000001e7a0000)]
  0x000000001d90d800 JavaThread "pool-2-thread-2" [_thread_blocked, id=6124, stack(0x000000001e5a0000,0x000000001e6a0000)]
  0x000000001dd2b800 JavaThread "pool-3-thread-1" [_thread_blocked, id=96, stack(0x000000001e4a0000,0x000000001e5a0000)]
  0x000000001dd2b000 JavaThread "pool-2-thread-1" [_thread_blocked, id=9004, stack(0x000000001e3a0000,0x000000001e4a0000)]
  0x000000001d5c0800 JavaThread "Service Thread" daemon [_thread_blocked, id=5304, stack(0x000000001d9a0000,0x000000001daa0000)]
  0x000000001bd35000 JavaThread "C1 CompilerThread2" daemon [_thread_blocked, id=4304, stack(0x000000001d4a0000,0x000000001d5a0000)]
  0x000000001bd32000 JavaThread "C2 CompilerThread1" daemon [_thread_blocked, id=2512, stack(0x000000001d3a0000,0x000000001d4a0000)]
=>0x000000001bd2f000 JavaThread "C2 CompilerThread0" daemon [_thread_in_native, id=7436, stack(0x000000001d2a0000,0x000000001d3a0000)]
  0x000000001bd2d000 JavaThread "Attach Listener" daemon [_thread_blocked, id=7512, stack(0x000000001d1a0000,0x000000001d2a0000)]
  0x000000001bd2c000 JavaThread "Signal Dispatcher" daemon [_thread_blocked, id=7816, stack(0x000000001d0a0000,0x000000001d1a0000)]
  0x000000000265c800 JavaThread "Finalizer" daemon [_thread_blocked, id=8784, stack(0x000000001cfa0000,0x000000001d0a0000)]
  0x0000000002652000 JavaThread "Reference Handler" daemon [_thread_blocked, id=2260, stack(0x000000001cea0000,0x000000001cfa0000)]
  0x000000000255d800 JavaThread "main" [_thread_in_vm, id=8952, stack(0x0000000002360000,0x0000000002460000)]

Other Threads:
  0x000000001bcf7800 VMThread [stack: 0x000000001cda0000,0x000000001cea0000] [id=5208]
  0x000000001d5c5000 WatcherThread [stack: 0x000000001daa0000,0x000000001dba0000] [id=2564]

VM state:not at safepoint (normal execution)

VM Mutex/Monitor currently owned by a thread: None

Heap:
 PSYoungGen      total 624640K, used 312170K [0x000000076ab00000, 0x00000007a2780000, 0x00000007c0000000)
  eden space 507904K, 38% used [0x000000076ab00000,0x00000007769db640,0x0000000789b00000)
  from space 116736K, 99% used [0x0000000789b00000,0x0000000790cff380,0x0000000790d00000)
  to   space 177152K, 0% used [0x0000000797a80000,0x0000000797a80000,0x00000007a2780000)
 ParOldGen       total 645632K, used 394746K [0x00000006c0000000, 0x00000006e7680000, 0x000000076ab00000)
  object space 645632K, 61% used [0x00000006c0000000,0x00000006d817ebd8,0x00000006e7680000)
 Metaspace       used 6717K, capacity 7384K, committed 7680K, reserved 1056768K
  class space    used 636K, capacity 656K, committed 768K, reserved 1048576K

Card table byte_map: [0x0000000011a20000,0x0000000012230000] byte_map_base: 0x000000000e420000

Marking Bits: (ParMarkBitMap*) 0x000000006b04d850
 Begin Bits: [0x0000000012b90000, 0x0000000016b90000)
 End Bits:   [0x0000000016b90000, 0x000000001ab90000)

Polling page: 0x0000000000bb0000

CodeCache: size=245760Kb used=12992Kb max_used=13007Kb free=232767Kb
 bounds [0x0000000002660000, 0x0000000003330000, 0x0000000011660000]
 total_blobs=2827 nmethods=2559 adapters=180
 compilation: enabled

Compilation events (10 events):
Event: 29.890 Thread 0x000000001bd32000 3016       4       com.android.dx.cf.code.ConcreteMethod::<init> (245 bytes)
Event: 29.896 Thread 0x000000001bd2f000 nmethod 3012% 0x00000000033056d0 code [0x00000000033058e0, 0x0000000003306c98]
Event: 29.897 Thread 0x000000001bd2f000 3017       4       com.android.dx.dex.file.ClassDataItem::addStaticField (51 bytes)
Event: 29.902 Thread 0x000000001bd2f000 nmethod 3017 0x00000000032ff910 code [0x00000000032ffa80, 0x00000000032ffee8]
Event: 29.902 Thread 0x000000001bd2f000 3018       4       com.android.dx.dex.file.EncodedField::hashCode (8 bytes)
Event: 29.910 Thread 0x000000001bd2f000 nmethod 3018 0x0000000003303750 code [0x00000000033038a0, 0x0000000003303d38]
Event: 29.911 Thread 0x000000001bd2f000 3019   !   4       com.android.dx.dex.cf.CfTranslator::processMethods (597 bytes)
Event: 29.941 Thread 0x000000001bd32000 nmethod 3016 0x000000000331cc50 code [0x000000000331cf00, 0x000000000331f148]
Event: 30.444 Thread 0x000000001bd35000 3020       3       com.android.dx.rop.annotation.NameValuePair::<init> (43 bytes)
Event: 30.445 Thread 0x000000001bd35000 nmethod 3020 0x0000000003300ed0 code [0x0000000003301060, 0x0000000003301438]

GC Heap History (10 events):
Event: 18.139 GC heap before
{Heap before GC invocations=17 (full 3):
 PSYoungGen      total 601088K, used 93156K [0x000000076ab00000, 0x000000079a500000, 0x00000007c0000000)
  eden space 507904K, 0% used [0x000000076ab00000,0x000000076ab00000,0x0000000789b00000)
  from space 93184K, 99% used [0x0000000790d00000,0x00000007967f9250,0x0000000796800000)
  to   space 116736K, 0% used [0x0000000789b00000,0x0000000789b00000,0x0000000790d00000)
 ParOldGen       total 286720K, used 240554K [0x00000006c0000000, 0x00000006d1800000, 0x000000076ab00000)
  object space 286720K, 83% used [0x00000006c0000000,0x00000006ceaea8b0,0x00000006d1800000)
 Metaspace       used 6711K, capacity 7384K, committed 7680K, reserved 1056768K
  class space    used 636K, capacity 656K, committed 768K, reserved 1048576K
Event: 20.181 GC heap after
Heap after GC invocations=17 (full 3):
 PSYoungGen      total 601088K, used 43329K [0x000000076ab00000, 0x000000079a500000, 0x00000007c0000000)
  eden space 507904K, 0% used [0x000000076ab00000,0x000000076ab00000,0x0000000789b00000)
  from space 93184K, 46% used [0x0000000790d00000,0x0000000793750688,0x0000000796800000)
  to   space 116736K, 0% used [0x0000000789b00000,0x0000000789b00000,0x0000000790d00000)
 ParOldGen       total 286720K, used 286256K [0x00000006c0000000, 0x00000006d1800000, 0x000000076ab00000)
  object space 286720K, 99% used [0x00000006c0000000,0x00000006d178c088,0x00000006d1800000)
 Metaspace       used 6711K, capacity 7384K, committed 7680K, reserved 1056768K
  class space    used 636K, capacity 656K, committed 768K, reserved 1048576K
}
Event: 21.334 GC heap before
{Heap before GC invocations=18 (full 4):
 PSYoungGen      total 601088K, used 551233K [0x000000076ab00000, 0x000000079a500000, 0x00000007c0000000)
  eden space 507904K, 100% used [0x000000076ab00000,0x0000000789b00000,0x0000000789b00000)
  from space 93184K, 46% used [0x0000000790d00000,0x0000000793750688,0x0000000796800000)
  to   space 116736K, 0% used [0x0000000789b00000,0x0000000789b00000,0x0000000790d00000)
 ParOldGen       total 286720K, used 286256K [0x00000006c0000000, 0x00000006d1800000, 0x000000076ab00000)
  object space 286720K, 99% used [0x00000006c0000000,0x00000006d178c088,0x00000006d1800000)
 Metaspace       used 6712K, capacity 7384K, committed 7680K, reserved 1056768K
  class space    used 636K, capacity 656K, committed 768K, reserved 1048576K
Event: 24.099 GC heap after
Heap after GC invocations=18 (full 4):
 PSYoungGen      total 601088K, used 115389K [0x000000076ab00000, 0x000000079a500000, 0x00000007c0000000)
  eden space 507904K, 22% used [0x000000076ab00000,0x0000000771baf508,0x0000000789b00000)
  from space 93184K, 0% used [0x0000000790d00000,0x0000000790d00000,0x0000000796800000)
  to   space 116736K, 0% used [0x0000000789b00000,0x0000000789b00000,0x0000000790d00000)
 ParOldGen       total 286720K, used 286712K [0x00000006c0000000, 0x00000006d1800000, 0x000000076ab00000)
  object space 286720K, 99% used [0x00000006c0000000,0x00000006d17fe0d8,0x00000006d1800000)
 Metaspace       used 6712K, capacity 7384K, committed 7680K, reserved 1056768K
  class space    used 636K, capacity 656K, committed 768K, reserved 1048576K
}
Event: 25.369 GC heap before
{Heap before GC invocations=19 (full 5):
 PSYoungGen      total 601088K, used 507904K [0x000000076ab00000, 0x000000079a500000, 0x00000007c0000000)
  eden space 507904K, 100% used [0x000000076ab00000,0x0000000789b00000,0x0000000789b00000)
  from space 93184K, 0% used [0x0000000790d00000,0x0000000790d00000,0x0000000796800000)
  to   space 116736K, 0% used [0x0000000789b00000,0x0000000789b00000,0x0000000790d00000)
 ParOldGen       total 286720K, used 286712K [0x00000006c0000000, 0x00000006d1800000, 0x000000076ab00000)
  object space 286720K, 99% used [0x00000006c0000000,0x00000006d17fe0d8,0x00000006d1800000)
 Metaspace       used 6716K, capacity 7384K, committed 7680K, reserved 1056768K
  class space    used 636K, capacity 656K, committed 768K, reserved 1048576K
Event: 26.629 GC heap after
Heap after GC invocations=19 (full 5):
 PSYoungGen      total 601088K, used 153285K [0x000000076ab00000, 0x000000079a500000, 0x00000007c0000000)
  eden space 507904K, 30% used [0x000000076ab00000,0x00000007740b1548,0x0000000789b00000)
  from space 93184K, 0% used [0x0000000790d00000,0x0000000790d00000,0x0000000796800000)
  to   space 116736K, 0% used [0x0000000789b00000,0x0000000789b00000,0x0000000790d00000)
 ParOldGen       total 286720K, used 286507K [0x00000006c0000000, 0x00000006d1800000, 0x000000076ab00000)
  object space 286720K, 99% used [0x00000006c0000000,0x00000006d17caca8,0x00000006d1800000)
 Metaspace       used 6716K, capacity 7384K, committed 7680K, reserved 1056768K
  class space    used 636K, capacity 656K, committed 768K, reserved 1048576K
}
Event: 27.350 GC heap before
{Heap before GC invocations=20 (full 6):
 PSYoungGen      total 601088K, used 507904K [0x000000076ab00000, 0x000000079a500000, 0x00000007c0000000)
  eden space 507904K, 100% used [0x000000076ab00000,0x0000000789b00000,0x0000000789b00000)
  from space 93184K, 0% used [0x0000000790d00000,0x0000000790d00000,0x0000000796800000)
  to   space 116736K, 0% used [0x0000000789b00000,0x0000000789b00000,0x0000000790d00000)
 ParOldGen       total 286720K, used 286507K [0x00000006c0000000, 0x00000006d1800000, 0x000000076ab00000)
  object space 286720K, 99% used [0x00000006c0000000,0x00000006d17caca8,0x00000006d1800000)
 Metaspace       used 6716K, capacity 7384K, committed 7680K, reserved 1056768K
  class space    used 636K, capacity 656K, committed 768K, reserved 1048576K
Event: 28.571 GC heap after
Heap after GC invocations=20 (full 6):
 PSYoungGen      total 601088K, used 185875K [0x000000076ab00000, 0x000000079a500000, 0x00000007c0000000)
  eden space 507904K, 36% used [0x000000076ab00000,0x0000000776084e20,0x0000000789b00000)
  from space 93184K, 0% used [0x0000000790d00000,0x0000000790d00000,0x0000000796800000)
  to   space 116736K, 0% used [0x0000000789b00000,0x0000000789b00000,0x0000000790d00000)
 ParOldGen       total 645632K, used 286505K [0x00000006c0000000, 0x00000006e7680000, 0x000000076ab00000)
  object space 645632K, 44% used [0x00000006c0000000,0x00000006d17ca608,0x00000006e7680000)
 Metaspace       used 6716K, capacity 7384K, committed 7680K, reserved 1056768K
  class space    used 636K, capacity 656K, committed 768K, reserved 1048576K
}
Event: 29.326 GC heap before
{Heap before GC invocations=21 (full 6):
 PSYoungGen      total 601088K, used 507904K [0x000000076ab00000, 0x000000079a500000, 0x00000007c0000000)
  eden space 507904K, 100% used [0x000000076ab00000,0x0000000789b00000,0x0000000789b00000)
  from space 93184K, 0% used [0x0000000790d00000,0x0000000790d00000,0x0000000796800000)
  to   space 116736K, 0% used [0x0000000789b00000,0x0000000789b00000,0x0000000790d00000)
 ParOldGen       total 645632K, used 286505K [0x00000006c0000000, 0x00000006e7680000, 0x000000076ab00000)
  object space 645632K, 44% used [0x00000006c0000000,0x00000006d17ca608,0x00000006e7680000)
 Metaspace       used 6716K, capacity 7384K, committed 7680K, reserved 1056768K
  class space    used 636K, capacity 656K, committed 768K, reserved 1048576K
Event: 29.638 GC heap after
Heap after GC invocations=21 (full 6):
 PSYoungGen      total 624640K, used 116732K [0x000000076ab00000, 0x00000007a2780000, 0x00000007c0000000)
  eden space 507904K, 0% used [0x000000076ab00000,0x000000076ab00000,0x0000000789b00000)
  from space 116736K, 99% used [0x0000000789b00000,0x0000000790cff380,0x0000000790d00000)
  to   space 177152K, 0% used [0x0000000797a80000,0x0000000797a80000,0x00000007a2780000)
 ParOldGen       total 645632K, used 394746K [0x00000006c0000000, 0x00000006e7680000, 0x000000076ab00000)
  object space 645632K, 61% used [0x00000006c0000000,0x00000006d817ebd8,0x00000006e7680000)
 Metaspace       used 6716K, capacity 7384K, committed 7680K, reserved 1056768K
  class space    used 636K, capacity 656K, committed 768K, reserved 1048576K
}

Deoptimization events (10 events):
Event: 20.643 Thread 0x000000001d90d800 Uncommon trap: reason=bimorphic action=maybe_recompile pc=0x00000000028d3fd8 method=com.android.dx.ssa.LiteralOpUpgrader.tryReplacingWithConstant(Lcom/android/dx/ssa/NormalSsaInsn;)Z @ 62
Event: 24.990 Thread 0x000000001d90f000 Uncommon trap: reason=null_check action=make_not_entrant pc=0x00000000031a7054 method=com.android.dx.cf.code.Ropper$CatchInfo.getSetup(Lcom/android/dx/rop/type/Type;)Lcom/android/dx/cf/code/Ropper$ExceptionHandlerSetup; @ 10
Event: 29.019 Thread 0x000000001d90f000 Uncommon trap: reason=unstable_if action=reinterpret pc=0x00000000031fb15c method=com.android.dx.cf.code.Ropper.processBlock(Lcom/android/dx/cf/code/ByteBlock;Lcom/android/dx/cf/code/Frame;[I)V @ 651
Event: 29.126 Thread 0x000000001dd2b000 Uncommon trap: reason=class_check action=maybe_recompile pc=0x0000000002fbdaf4 method=com.android.dx.rop.code.Insn.equalsHandleNulls(Ljava/lang/Object;Ljava/lang/Object;)Z @ 11
Event: 29.131 Thread 0x000000001dd2b000 Uncommon trap: reason=class_check action=maybe_recompile pc=0x0000000002fbdaf4 method=com.android.dx.rop.code.Insn.equalsHandleNulls(Ljava/lang/Object;Ljava/lang/Object;)Z @ 11
Event: 29.207 Thread 0x000000001d90d800 Uncommon trap: reason=class_check action=maybe_recompile pc=0x0000000002fbdaf4 method=com.android.dx.rop.code.Insn.equalsHandleNulls(Ljava/lang/Object;Ljava/lang/Object;)Z @ 11
Event: 29.207 Thread 0x000000001d90d800 Uncommon trap: reason=class_check action=maybe_recompile pc=0x0000000002fbdaf4 method=com.android.dx.rop.code.Insn.equalsHandleNulls(Ljava/lang/Object;Ljava/lang/Object;)Z @ 11
Event: 29.674 Thread 0x000000001d90d800 Uncommon trap: reason=bimorphic action=maybe_recompile pc=0x0000000002e0e7c8 method=com.android.dx.cf.code.BytecodeArray.parseInstruction(ILcom/android/dx/cf/code/BytecodeArray$Visitor;)I @ 1477
Event: 29.674 Thread 0x000000001d90d800 Uncommon trap: reason=bimorphic action=maybe_recompile pc=0x0000000002e0e7c8 method=com.android.dx.cf.code.BytecodeArray.parseInstruction(ILcom/android/dx/cf/code/BytecodeArray$Visitor;)I @ 1477
Event: 29.888 Thread 0x000000001d90f000 Uncommon trap: reason=null_check action=make_not_entrant pc=0x0000000003227ebc method=com.android.dx.cf.code.ConcreteMethod.<init>(Lcom/android/dx/cf/iface/Method;Lcom/android/dx/rop/cst/CstString;ZZ)V @ 65

Internal exceptions (10 events):
Event: 1.118 Thread 0x000000001d90e800 Implicit null exception at 0x0000000002abe70f to 0x0000000002abf8c5
Event: 1.400 Thread 0x000000001dd2b000 Implicit null exception at 0x0000000002ad9b2d to 0x0000000002adab1d
Event: 2.681 Thread 0x000000001dd2b000 Implicit null exception at 0x0000000002a8f82d to 0x0000000002a8f9f9
Event: 2.791 Thread 0x000000001d90f000 Exception <a 'java/lang/ArrayIndexOutOfBoundsException': 18> (0x000000076cca9a00) thrown at [C:\re\workspace\8-2-build-windows-amd64-cygwin\jdk8u144\9417\hotspot\src\share\vm\interpreter\interpreterRuntime.cpp, line 366]
Event: 2.791 Thread 0x000000001d90f000 Exception <a 'java/lang/ArrayIndexOutOfBoundsException': 145> (0x000000076ccab580) thrown at [C:\re\workspace\8-2-build-windows-amd64-cygwin\jdk8u144\9417\hotspot\src\share\vm\interpreter\interpreterRuntime.cpp, line 366]
Event: 2.793 Thread 0x000000001d90f000 Exception <a 'java/lang/ArrayIndexOutOfBoundsException'> (0x000000076ccac868) thrown at [C:\re\workspace\8-2-build-windows-amd64-cygwin\jdk8u144\9417\hotspot\src\share\vm\runtime\sharedRuntime.cpp, line 605]
Event: 13.127 Thread 0x000000000255d800 Implicit null exception at 0x00000000027d398f to 0x00000000027d4325
Event: 15.328 Thread 0x000000001d90e800 Implicit null exception at 0x00000000030bd5c5 to 0x00000000030bdf79
Event: 15.329 Thread 0x000000001d90e800 Implicit null exception at 0x00000000027894fd to 0x00000000027895e5
Event: 24.990 Thread 0x000000001d90f000 Implicit null exception at 0x00000000031a0248 to 0x00000000031a7021

Events (10 events):
Event: 29.638 Executing VM operation: ParallelGCFailedAllocation done
Event: 29.674 Thread 0x000000001d90d800 Uncommon trap: trap_request=0xffffffc6 fr.pc=0x0000000002e0e7c8
Event: 29.674 Thread 0x000000001d90d800 DEOPT PACKING pc=0x0000000002e0e7c8 sp=0x000000001e69eb80
Event: 29.674 Thread 0x000000001d90d800 DEOPT UNPACKING pc=0x00000000026a582a sp=0x000000001e69eae8 mode 2
Event: 29.674 Thread 0x000000001d90d800 Uncommon trap: trap_request=0xffffffc6 fr.pc=0x0000000002e0e7c8
Event: 29.674 Thread 0x000000001d90d800 DEOPT PACKING pc=0x0000000002e0e7c8 sp=0x000000001e69eb40
Event: 29.674 Thread 0x000000001d90d800 DEOPT UNPACKING pc=0x00000000026a582a sp=0x000000001e69eaa8 mode 2
Event: 29.888 Thread 0x000000001d90f000 Uncommon trap: trap_request=0xfffffff4 fr.pc=0x0000000003227ebc
Event: 29.888 Thread 0x000000001d90f000 DEOPT PACKING pc=0x0000000003227ebc sp=0x000000001e89eee0
Event: 29.889 Thread 0x000000001d90f000 DEOPT UNPACKING pc=0x00000000026a582a sp=0x000000001e89ee70 mode 2


Dynamic libraries:
0x00007ff64bc80000 - 0x00007ff64bcb7000 	C:\Program Files\Java\jdk1.8.0_144\bin\java.exe
0x00007ffbdab00000 - 0x00007ffbdacad000 	C:\Windows\SYSTEM32\ntdll.dll
0x00007ffbd9c20000 - 0x00007ffbd9d5e000 	C:\Windows\system32\KERNEL32.DLL
0x00007ffbd7cf0000 - 0x00007ffbd7e05000 	C:\Windows\system32\KERNELBASE.dll
0x00007ffbd67f0000 - 0x00007ffbd687e000 	C:\Windows\system32\apphelp.dll
0x00007ffbd30b0000 - 0x00007ffbd3103000 	C:\Windows\AppPatch\AppPatch64\AcGenral.DLL
0x00007ffbd9a60000 - 0x00007ffbd9b0a000 	C:\Windows\system32\msvcrt.dll
0x00007ffbd8150000 - 0x00007ffbd817e000 	C:\Windows\system32\SspiCli.dll
0x00007ffbd8190000 - 0x00007ffbd81e4000 	C:\Windows\system32\SHLWAPI.dll
0x00007ffbda030000 - 0x00007ffbda1a7000 	C:\Windows\system32\USER32.dll
0x00007ffbda550000 - 0x00007ffbda6e4000 	C:\Windows\system32\ole32.dll
0x00007ffbd81f0000 - 0x00007ffbd9718000 	C:\Windows\system32\SHELL32.dll
0x00007ffbd71f0000 - 0x00007ffbd7211000 	C:\Windows\SYSTEM32\USERENV.dll
0x00007ffbd9b70000 - 0x00007ffbd9c1a000 	C:\Windows\system32\ADVAPI32.dll
0x00007ffbcbbd0000 - 0x00007ffbcbbee000 	C:\Windows\SYSTEM32\MPR.dll
0x00007ffbda1b0000 - 0x00007ffbda2f0000 	C:\Windows\system32\RPCRT4.dll
0x00007ffbda870000 - 0x00007ffbda8c9000 	C:\Windows\SYSTEM32\sechost.dll
0x00007ffbda2f0000 - 0x00007ffbda501000 	C:\Windows\SYSTEM32\combase.dll
0x00007ffbd9850000 - 0x00007ffbd999f000 	C:\Windows\system32\GDI32.dll
0x00007ffbd7c20000 - 0x00007ffbd7c35000 	C:\Windows\SYSTEM32\profapi.dll
0x00007ffbd6000000 - 0x00007ffbd60b2000 	C:\Windows\SYSTEM32\SHCORE.dll
0x00007ffbda510000 - 0x00007ffbda546000 	C:\Windows\system32\IMM32.DLL
0x00007ffbda710000 - 0x00007ffbda862000 	C:\Windows\system32\MSCTF.dll
0x00007ffbd5370000 - 0x00007ffbd55eb000 	C:\Windows\WinSxS\amd64_microsoft.windows.common-controls_6595b64144ccf1df_6.0.9600.18006_none_623f33d3ecbe86e8\COMCTL32.dll
0x000000006b0d0000 - 0x000000006b1a2000 	C:\Program Files\Java\jdk1.8.0_144\jre\bin\msvcr100.dll
0x000000006a830000 - 0x000000006b0cd000 	C:\Program Files\Java\jdk1.8.0_144\jre\bin\server\jvm.dll
0x00007ffbd4d20000 - 0x00007ffbd4d29000 	C:\Windows\SYSTEM32\WSOCK32.dll
0x00007ffbc4aa0000 - 0x00007ffbc4ac2000 	C:\Windows\SYSTEM32\WINMM.dll
0x00007ffbd06e0000 - 0x00007ffbd06ea000 	C:\Windows\SYSTEM32\VERSION.dll
0x00007ffbda700000 - 0x00007ffbda707000 	C:\Windows\system32\PSAPI.DLL
0x00007ffbd97f0000 - 0x00007ffbd984a000 	C:\Windows\system32\WS2_32.dll
0x00007ffbc4a70000 - 0x00007ffbc4a9a000 	C:\Windows\SYSTEM32\WINMMBASE.dll
0x00007ffbda6f0000 - 0x00007ffbda6f9000 	C:\Windows\system32\NSI.dll
0x00007ffbd7ff0000 - 0x00007ffbd803f000 	C:\Windows\SYSTEM32\cfgmgr32.dll
0x00007ffbd6a40000 - 0x00007ffbd6a68000 	C:\Windows\SYSTEM32\DEVOBJ.dll
0x000000006a820000 - 0x000000006a82f000 	C:\Program Files\Java\jdk1.8.0_144\jre\bin\verify.dll
0x000000006a7f0000 - 0x000000006a819000 	C:\Program Files\Java\jdk1.8.0_144\jre\bin\java.dll
0x000000006a7d0000 - 0x000000006a7e6000 	C:\Program Files\Java\jdk1.8.0_144\jre\bin\zip.dll

VM Arguments:
jvm_args: -Djava.awt.headless=true -Xmx4g -Dfile.encoding=windows-1252 -Duser.country=IN -Duser.language=en -Duser.variant 
java_command: com.android.dx.command.Main --dex --num-threads=4 --multi-dex --main-dex-list C:\Users\user\Desktop\Monika(Dec)\Mp Retailer 3\app\build\intermediates\multi-dex\debug\maindexlist.txt --output C:\Users\user\Desktop\Monika(Dec)\Mp Retailer 3\app\build\intermediates\transforms\dex\debug\folders\1000\1f\main C:\Users\user\Desktop\Monika(Dec)\Mp Retailer 3\app\build\intermediates\transforms\jarMerging\debug\jars\1\1f\combined.jar
java_class_path (initial): C:\Users\Administrator\AppData\Local\Android\Sdk\build-tools\26.0.0\lib\dx.jar
Launcher Type: SUN_STANDARD

Environment Variables:
JAVA_HOME= C:\Program Files\Java\jdk1.8.0_144\bin
PATH=C:\Users\user\bin;C:\Windows\system32;C:\Windows;C:\Windows\System32\Wbem;C:\Windows\System32\WindowsPowerShell\v1.0\;C:\Program Files\Microsoft SQL Server\Client SDK\ODBC\110\Tools\Binn\;C:\Program Files (x86)\Microsoft SQL Server\120\Tools\Binn\;C:\Program Files\Microsoft SQL Server\120\Tools\Binn\;C:\Program Files\Microsoft SQL Server\120\DTS\Binn\;C:\Program Files (x86)\Microsoft SQL Server\120\Tools\Binn\ManagementStudio\;C:\Program Files (x86)\Microsoft SQL Server\120\DTS\Binn\;C:\Users\user\.dnx\bin;C:\Program Files\Microsoft DNX\Dnvm\;C:\Program Files\Microsoft SQL Server\130\Tools\Binn\;C:\Program Files\TortoiseSVN\bin;C:\Program Files (x86)\VisualSVN\bin;C:\Program Files (x86)\Microsoft SQL Server\110\Tools\Binn\ManagementStudio\;C:\Program Files (x86)\Microsoft SQL Server\110\Tools\Binn\;C:\Program Files (x86)\Microsoft Visual Studio 11.0\Common7\IDE\PrivateAssemblies\;C:\Program Files (x86)\Microsoft SQL Server\110\DTS\Binn\;C:\Program Files (x86)\Microsoft SQL Server\130\DTS\Binn\;C:\Program Files\Java\jdk1.8.0_144\bin; ;C:\Program Files\Java\jdk1.8.0_144\bin:
USERNAME=User
OS=Windows_NT
PROCESSOR_IDENTIFIER=Intel64 Family 6 Model 60 Stepping 3, GenuineIntel



---------------  S Y S T E M  ---------------

OS: Windows 8.1 , 64 bit Build 9600 (6.3.9600.17415)

CPU:total 4 (initial active 4) (2 cores per cpu, 2 threads per core) family 6 model 60 stepping 3, cmov, cx8, fxsr, mmx, sse, sse2, sse3, ssse3, sse4.1, sse4.2, popcnt, avx, avx2, aes, clmul, erms, lzcnt, ht, tsc, tscinvbit, bmi1, bmi2

Memory: 4k page, physical 8254472k(344588k free), swap 14888552k(5340k free)

vm_info: Java HotSpot(TM) 64-Bit Server VM (25.144-b01) for windows-amd64 JRE (1.8.0_144-b01), built on Jul 21 2017 21:57:33 by "java_re" with MS VC++ 10.0 (VS2010)

time: Mon Jun 04 19:37:10 2018
elapsed time: 31 seconds (0d 0h 0m 31s)

