#
# There is insufficient memory for the Java Runtime Environment to continue.
# Native memory allocation (malloc) failed to allocate 436816 bytes for Chunk::new
# Possible reasons:
#   The system is out of physical RAM or swap space
#   In 32 bit mode, the process size limit was hit
# Possible solutions:
#   Reduce memory load on the system
#   Increase physical memory or swap space
#   Check if swap backing store is full
#   Use 64 bit Java on a 64 bit OS
#   Decrease Java heap size (-Xmx/-Xms)
#   Decrease number of Java threads
#   Decrease Java thread stack sizes (-Xss)
#   Set larger code cache with -XX:ReservedCodeCacheSize=
# This output file may be truncated or incomplete.
#
#  Out of Memory Error (allocation.cpp:390), pid=3788, tid=0x00000000000003ec
#
# JRE version: Java(TM) SE Runtime Environment (8.0_144-b01) (build 1.8.0_144-b01)
# Java VM: Java HotSpot(TM) 64-Bit Server VM (25.144-b01 mixed mode windows-amd64 compressed oops)
# Failed to write core dump. Minidumps are not enabled by default on client versions of Windows
#

---------------  T H R E A D  ---------------

Current thread (0x000000001c447800):  JavaThread "C2 CompilerThread1" daemon [_thread_in_native, id=1004, stack(0x000000001db40000,0x000000001dc40000)]

Stack: [0x000000001db40000,0x000000001dc40000]
[error occurred during error reporting (printing stack bounds), id 0xc0000005]

Native frames: (J=compiled Java code, j=interpreted, Vv=VM code, C=native code)


Current CompileTask:
C2:   5971 1853       4       com.android.dx.ssa.back.FirstFitLocalCombiningAllocator::tryMapReg (41 bytes)


---------------  P R O C E S S  ---------------

Java Threads: ( => current thread )
  0x000000001dfb5800 JavaThread "pool-2-thread-4" [_thread_blocked, id=8484, stack(0x000000001e740000,0x000000001e840000)]
  0x000000001ded1800 JavaThread "pool-2-thread-3" [_thread_blocked, id=7896, stack(0x000000001e640000,0x000000001e740000)]
  0x000000001debd000 JavaThread "pool-2-thread-2" [_thread_blocked, id=7336, stack(0x000000001e540000,0x000000001e640000)]
  0x000000001deb8000 JavaThread "pool-3-thread-1" [_thread_blocked, id=8680, stack(0x000000001e440000,0x000000001e540000)]
  0x000000001de37800 JavaThread "pool-2-thread-1" [_thread_blocked, id=8396, stack(0x000000001e340000,0x000000001e440000)]
  0x000000001dc4b800 JavaThread "Service Thread" daemon [_thread_blocked, id=4592, stack(0x000000001e140000,0x000000001e240000)]
  0x000000001c44a800 JavaThread "C1 CompilerThread2" daemon [_thread_blocked, id=3148, stack(0x000000001e040000,0x000000001e140000)]
=>0x000000001c447800 JavaThread "C2 CompilerThread1" daemon [_thread_in_native, id=1004, stack(0x000000001db40000,0x000000001dc40000)]
  0x000000001c3ee800 JavaThread "C2 CompilerThread0" daemon [_thread_in_native, id=1088, stack(0x000000001da40000,0x000000001db40000)]
  0x000000001c3ec800 JavaThread "Attach Listener" daemon [_thread_blocked, id=7508, stack(0x000000001d940000,0x000000001da40000)]
  0x000000001c3eb000 JavaThread "Signal Dispatcher" daemon [_thread_blocked, id=2576, stack(0x000000001d840000,0x000000001d940000)]
  0x0000000002d1b800 JavaThread "Finalizer" daemon [_thread_blocked, id=4872, stack(0x000000001d660000,0x000000001d760000)]
  0x000000001c3b9000 JavaThread "Reference Handler" daemon [_thread_blocked, id=2512, stack(0x000000001d560000,0x000000001d660000)]
  0x0000000002b6d800 JavaThread "main" [_thread_in_Java, id=276, stack(0x0000000002a50000,0x0000000002b50000)]

Other Threads:
  0x000000001c3b7000 VMThread [stack: 0x000000001d460000,0x000000001d560000] [id=6040]
  0x000000001dc58800 WatcherThread [stack: 0x000000001e240000,0x000000001e340000] [id=2064]

VM state:not at safepoint (normal execution)

VM Mutex/Monitor currently owned by a thread: None

Heap:
 PSYoungGen      total 136192K, used 3825K [0x000000076ab00000, 0x0000000773500000, 0x00000007c0000000)
  eden space 131072K, 2% used [0x000000076ab00000,0x000000076aebc788,0x0000000772b00000)
  from space 5120K, 0% used [0x0000000772b00000,0x0000000772b00000,0x0000000773000000)
  to   space 5120K, 0% used [0x0000000773000000,0x0000000773000000,0x0000000773500000)
 ParOldGen       total 116736K, used 40132K [0x00000006c0000000, 0x00000006c7200000, 0x000000076ab00000)
  object space 116736K, 34% used [0x00000006c0000000,0x00000006c2731268,0x00000006c7200000)
 Metaspace       used 6145K, capacity 7090K, committed 7296K, reserved 1056768K
  class space    used 607K, capacity 618K, committed 640K, reserved 1048576K

Card table byte_map: [0x00000000120e0000,0x00000000128f0000] byte_map_base: 0x000000000eae0000

Marking Bits: (ParMarkBitMap*) 0x000000006b04d850
 Begin Bits: [0x0000000013250000, 0x0000000017250000)
 End Bits:   [0x0000000017250000, 0x000000001b250000)

Polling page: 0x0000000001240000

CodeCache: size=245760Kb used=8147Kb max_used=8168Kb free=237612Kb
 bounds [0x0000000002d20000, 0x0000000003530000, 0x0000000011d20000]
 total_blobs=2007 nmethods=1743 adapters=176
 compilation: enabled

Compilation events (10 events):
Event: 5.911 Thread 0x000000001c447800 nmethod 1809 0x0000000003514c50 code [0x0000000003514e80, 0x00000000035163e8]
Event: 5.911 Thread 0x000000001c447800 1851       4       com.android.dx.util.BitIntSet::has (28 bytes)
Event: 5.911 Thread 0x000000001c447800 nmethod 1851 0x00000000034da410 code [0x00000000034da540, 0x00000000034da5f8]
Event: 5.912 Thread 0x000000001c447800 1853       4       com.android.dx.ssa.back.FirstFitLocalCombiningAllocator::tryMapReg (41 bytes)
Event: 5.922 Thread 0x000000001c44a800 1857       3       com.android.dx.ssa.SsaMethod::getCountReachableBlocks (44 bytes)
Event: 5.923 Thread 0x000000001c44a800 nmethod 1857 0x00000000034ec750 code [0x00000000034ec920, 0x00000000034ed1b8]
Event: 5.924 Thread 0x000000001c44a800 1858       3       com.android.dx.ssa.back.SsaToRop::convertBasicBlocks (151 bytes)
Event: 5.926 Thread 0x000000001c44a800 nmethod 1858 0x0000000003512290 code [0x0000000003512580, 0x0000000003513e78]
Event: 5.941 Thread 0x000000001c3ee800 nmethod 1802 0x000000000351bed0 code [0x000000000351c180, 0x000000000351e600]
Event: 5.941 Thread 0x000000001c3ee800 1856       4       com.android.dx.ssa.SsaMethod::forEachBlockDepthFirst (194 bytes)

GC Heap History (10 events):
Event: 2.290 GC heap before
{Heap before GC invocations=2 (full 0):
 PSYoungGen      total 37888K, used 37868K [0x000000076ab00000, 0x000000076f500000, 0x00000007c0000000)
  eden space 32768K, 100% used [0x000000076ab00000,0x000000076cb00000,0x000000076cb00000)
  from space 5120K, 99% used [0x000000076cb00000,0x000000076cffb128,0x000000076d000000)
  to   space 5120K, 0% used [0x000000076f000000,0x000000076f000000,0x000000076f500000)
 ParOldGen       total 86016K, used 6410K [0x00000006c0000000, 0x00000006c5400000, 0x000000076ab00000)
  object space 86016K, 7% used [0x00000006c0000000,0x00000006c06429a0,0x00000006c5400000)
 Metaspace       used 5899K, capacity 6898K, committed 7040K, reserved 1056768K
  class space    used 600K, capacity 618K, committed 640K, reserved 1048576K
Event: 2.328 GC heap after
Heap after GC invocations=2 (full 0):
 PSYoungGen      total 70656K, used 5108K [0x000000076ab00000, 0x000000076f500000, 0x00000007c0000000)
  eden space 65536K, 0% used [0x000000076ab00000,0x000000076ab00000,0x000000076eb00000)
  from space 5120K, 99% used [0x000000076f000000,0x000000076f4fd1c0,0x000000076f500000)
  to   space 5120K, 0% used [0x000000076eb00000,0x000000076eb00000,0x000000076f000000)
 ParOldGen       total 86016K, used 24730K [0x00000006c0000000, 0x00000006c5400000, 0x000000076ab00000)
  object space 86016K, 28% used [0x00000006c0000000,0x00000006c1826ad8,0x00000006c5400000)
 Metaspace       used 5899K, capacity 6898K, committed 7040K, reserved 1056768K
  class space    used 600K, capacity 618K, committed 640K, reserved 1048576K
}
Event: 3.104 GC heap before
{Heap before GC invocations=3 (full 0):
 PSYoungGen      total 70656K, used 70644K [0x000000076ab00000, 0x000000076f500000, 0x00000007c0000000)
  eden space 65536K, 100% used [0x000000076ab00000,0x000000076eb00000,0x000000076eb00000)
  from space 5120K, 99% used [0x000000076f000000,0x000000076f4fd1c0,0x000000076f500000)
  to   space 5120K, 0% used [0x000000076eb00000,0x000000076eb00000,0x000000076f000000)
 ParOldGen       total 86016K, used 24730K [0x00000006c0000000, 0x00000006c5400000, 0x000000076ab00000)
  object space 86016K, 28% used [0x00000006c0000000,0x00000006c1826ad8,0x00000006c5400000)
 Metaspace       used 5951K, capacity 6898K, committed 7040K, reserved 1056768K
  class space    used 602K, capacity 618K, committed 640K, reserved 1048576K
Event: 3.143 GC heap after
Heap after GC invocations=3 (full 0):
 PSYoungGen      total 70656K, used 5089K [0x000000076ab00000, 0x0000000773500000, 0x00000007c0000000)
  eden space 65536K, 0% used [0x000000076ab00000,0x000000076ab00000,0x000000076eb00000)
  from space 5120K, 99% used [0x000000076eb00000,0x000000076eff8460,0x000000076f000000)
  to   space 5120K, 0% used [0x0000000773000000,0x0000000773000000,0x0000000773500000)
 ParOldGen       total 86016K, used 44087K [0x00000006c0000000, 0x00000006c5400000, 0x000000076ab00000)
  object space 86016K, 51% used [0x00000006c0000000,0x00000006c2b0dd10,0x00000006c5400000)
 Metaspace       used 5951K, capacity 6898K, committed 7040K, reserved 1056768K
  class space    used 602K, capacity 618K, committed 640K, reserved 1048576K
}
Event: 3.671 GC heap before
{Heap before GC invocations=4 (full 0):
 PSYoungGen      total 70656K, used 70625K [0x000000076ab00000, 0x0000000773500000, 0x00000007c0000000)
  eden space 65536K, 100% used [0x000000076ab00000,0x000000076eb00000,0x000000076eb00000)
  from space 5120K, 99% used [0x000000076eb00000,0x000000076eff8460,0x000000076f000000)
  to   space 5120K, 0% used [0x0000000773000000,0x0000000773000000,0x0000000773500000)
 ParOldGen       total 86016K, used 44087K [0x00000006c0000000, 0x00000006c5400000, 0x000000076ab00000)
  object space 86016K, 51% used [0x00000006c0000000,0x00000006c2b0dd10,0x00000006c5400000)
 Metaspace       used 6067K, capacity 7026K, committed 7296K, reserved 1056768K
  class space    used 604K, capacity 618K, committed 640K, reserved 1048576K
Event: 3.729 GC heap after
Heap after GC invocations=4 (full 0):
 PSYoungGen      total 136192K, used 5108K [0x000000076ab00000, 0x0000000773500000, 0x00000007c0000000)
  eden space 131072K, 0% used [0x000000076ab00000,0x000000076ab00000,0x0000000772b00000)
  from space 5120K, 99% used [0x0000000773000000,0x00000007734fd118,0x0000000773500000)
  to   space 5120K, 0% used [0x0000000772b00000,0x0000000772b00000,0x0000000773000000)
 ParOldGen       total 86016K, used 56240K [0x00000006c0000000, 0x00000006c5400000, 0x000000076ab00000)
  object space 86016K, 65% used [0x00000006c0000000,0x00000006c36ec2e8,0x00000006c5400000)
 Metaspace       used 6067K, capacity 7026K, committed 7296K, reserved 1056768K
  class space    used 604K, capacity 618K, committed 640K, reserved 1048576K
}
Event: 5.081 GC heap before
{Heap before GC invocations=5 (full 0):
 PSYoungGen      total 136192K, used 136180K [0x000000076ab00000, 0x0000000773500000, 0x00000007c0000000)
  eden space 131072K, 100% used [0x000000076ab00000,0x0000000772b00000,0x0000000772b00000)
  from space 5120K, 99% used [0x0000000773000000,0x00000007734fd118,0x0000000773500000)
  to   space 5120K, 0% used [0x0000000772b00000,0x0000000772b00000,0x0000000773000000)
 ParOldGen       total 86016K, used 56240K [0x00000006c0000000, 0x00000006c5400000, 0x000000076ab00000)
  object space 86016K, 65% used [0x00000006c0000000,0x00000006c36ec2e8,0x00000006c5400000)
 Metaspace       used 6145K, capacity 7090K, committed 7296K, reserved 1056768K
  class space    used 607K, capacity 618K, committed 640K, reserved 1048576K
Event: 5.286 GC heap after
Heap after GC invocations=5 (full 0):
 PSYoungGen      total 136192K, used 5094K [0x000000076ab00000, 0x0000000773500000, 0x00000007c0000000)
  eden space 131072K, 0% used [0x000000076ab00000,0x000000076ab00000,0x0000000772b00000)
  from space 5120K, 99% used [0x0000000772b00000,0x0000000772ff9ab8,0x0000000773000000)
  to   space 5120K, 0% used [0x0000000773000000,0x0000000773000000,0x0000000773500000)
 ParOldGen       total 86016K, used 77470K [0x00000006c0000000, 0x00000006c5400000, 0x000000076ab00000)
  object space 86016K, 90% used [0x00000006c0000000,0x00000006c4ba7a30,0x00000006c5400000)
 Metaspace       used 6145K, capacity 7090K, committed 7296K, reserved 1056768K
  class space    used 607K, capacity 618K, committed 640K, reserved 1048576K
}
Event: 5.287 GC heap before
{Heap before GC invocations=6 (full 1):
 PSYoungGen      total 136192K, used 5094K [0x000000076ab00000, 0x0000000773500000, 0x00000007c0000000)
  eden space 131072K, 0% used [0x000000076ab00000,0x000000076ab00000,0x0000000772b00000)
  from space 5120K, 99% used [0x0000000772b00000,0x0000000772ff9ab8,0x0000000773000000)
  to   space 5120K, 0% used [0x0000000773000000,0x0000000773000000,0x0000000773500000)
 ParOldGen       total 86016K, used 77470K [0x00000006c0000000, 0x00000006c5400000, 0x000000076ab00000)
  object space 86016K, 90% used [0x00000006c0000000,0x00000006c4ba7a30,0x00000006c5400000)
 Metaspace       used 6145K, capacity 7090K, committed 7296K, reserved 1056768K
  class space    used 607K, capacity 618K, committed 640K, reserved 1048576K
Event: 5.880 GC heap after
Heap after GC invocations=6 (full 1):
 PSYoungGen      total 136192K, used 0K [0x000000076ab00000, 0x0000000773500000, 0x00000007c0000000)
  eden space 131072K, 0% used [0x000000076ab00000,0x000000076ab00000,0x0000000772b00000)
  from space 5120K, 0% used [0x0000000772b00000,0x0000000772b00000,0x0000000773000000)
  to   space 5120K, 0% used [0x0000000773000000,0x0000000773000000,0x0000000773500000)
 ParOldGen       total 116736K, used 40132K [0x00000006c0000000, 0x00000006c7200000, 0x000000076ab00000)
  object space 116736K, 34% used [0x00000006c0000000,0x00000006c2731268,0x00000006c7200000)
 Metaspace       used 6145K, capacity 7090K, committed 7296K, reserved 1056768K
  class space    used 607K, capacity 618K, committed 640K, reserved 1048576K
}

Deoptimization events (10 events):
Event: 3.380 Thread 0x000000001ded1800 Uncommon trap: reason=bimorphic action=maybe_recompile pc=0x00000000033024c8 method=com.android.dx.ssa.NormalSsaInsn.accept(Lcom/android/dx/ssa/SsaInsn$Visitor;)V @ 9
Event: 3.380 Thread 0x000000001ded1800 Uncommon trap: reason=bimorphic action=maybe_recompile pc=0x00000000033024c8 method=com.android.dx.ssa.NormalSsaInsn.accept(Lcom/android/dx/ssa/SsaInsn$Visitor;)V @ 9
Event: 3.381 Thread 0x000000001ded1800 Uncommon trap: reason=bimorphic action=maybe_recompile pc=0x00000000033024c8 method=com.android.dx.ssa.NormalSsaInsn.accept(Lcom/android/dx/ssa/SsaInsn$Visitor;)V @ 9
Event: 3.381 Thread 0x000000001ded1800 Uncommon trap: reason=bimorphic action=maybe_recompile pc=0x00000000033024c8 method=com.android.dx.ssa.NormalSsaInsn.accept(Lcom/android/dx/ssa/SsaInsn$Visitor;)V @ 9
Event: 3.469 Thread 0x000000001debd000 Uncommon trap: reason=bimorphic action=maybe_recompile pc=0x00000000031bd34c method=com.android.dx.cf.code.RopperMachine.run(Lcom/android/dx/cf/code/Frame;II)V @ 978
Event: 3.469 Thread 0x000000001debd000 Uncommon trap: reason=bimorphic action=maybe_recompile pc=0x00000000031bd34c method=com.android.dx.cf.code.RopperMachine.run(Lcom/android/dx/cf/code/Frame;II)V @ 978
Event: 3.469 Thread 0x000000001debd000 Uncommon trap: reason=class_check action=maybe_recompile pc=0x00000000031bd394 method=com.android.dx.cf.code.RopperMachine.run(Lcom/android/dx/cf/code/Frame;II)V @ 988
Event: 3.521 Thread 0x000000001de37800 Uncommon trap: reason=bimorphic action=maybe_recompile pc=0x00000000031bd34c method=com.android.dx.cf.code.RopperMachine.run(Lcom/android/dx/cf/code/Frame;II)V @ 978
Event: 3.521 Thread 0x000000001de37800 Uncommon trap: reason=bimorphic action=maybe_recompile pc=0x00000000031bd34c method=com.android.dx.cf.code.RopperMachine.run(Lcom/android/dx/cf/code/Frame;II)V @ 978
Event: 3.525 Thread 0x000000001ded1800 Uncommon trap: reason=unstable_if action=reinterpret pc=0x00000000031d5e5c method=java.util.HashMap.putVal(ILjava/lang/Object;Ljava/lang/Object;ZZ)Ljava/lang/Object; @ 162

Internal exceptions (3 events):
Event: 0.036 Thread 0x0000000002b6d800 Exception <a 'java/lang/NoSuchMethodError': Method sun.misc.Unsafe.defineClass(Ljava/lang/String;[BII)Ljava/lang/Class; name or signature does not match> (0x000000076ab07ca8) thrown at [C:\re\workspace\8-2-build-windows-amd64-cygwin\jdk8u144\9417\hotspot\
Event: 0.036 Thread 0x0000000002b6d800 Exception <a 'java/lang/NoSuchMethodError': Method sun.misc.Unsafe.prefetchRead(Ljava/lang/Object;J)V name or signature does not match> (0x000000076ab07f90) thrown at [C:\re\workspace\8-2-build-windows-amd64-cygwin\jdk8u144\9417\hotspot\src\share\vm\prims
Event: 3.329 Thread 0x000000001ded1800 Implicit null exception at 0x0000000003131da2 to 0x0000000003132d15

Events (10 events):
Event: 5.891 Thread 0x0000000002b6d800 DEOPT PACKING pc=0x00000000032fbff4 sp=0x0000000002b4dd50
Event: 5.891 Thread 0x0000000002b6d800 DEOPT UNPACKING pc=0x0000000002d6787f sp=0x0000000002b4dae0 mode 0
Event: 5.920 Thread 0x0000000002b6d800 DEOPT PACKING pc=0x000000000325493b sp=0x0000000002b4dcd0
Event: 5.920 Thread 0x0000000002b6d800 DEOPT UNPACKING pc=0x0000000002d6787f sp=0x0000000002b4daf8 mode 0
Event: 5.922 Thread 0x0000000002b6d800 DEOPT PACKING pc=0x000000000331c465 sp=0x0000000002b4dd00
Event: 5.922 Thread 0x0000000002b6d800 DEOPT UNPACKING pc=0x0000000002d6787f sp=0x0000000002b4da70 mode 0
Event: 5.924 Thread 0x0000000002b6d800 DEOPT PACKING pc=0x000000000331e0bb sp=0x0000000002b4dda0
Event: 5.924 Thread 0x0000000002b6d800 DEOPT UNPACKING pc=0x0000000002d6787f sp=0x0000000002b4db58 mode 0
Event: 5.925 Thread 0x0000000002b6d800 DEOPT PACKING pc=0x00000000030923a5 sp=0x0000000002b4dc70
Event: 5.925 Thread 0x0000000002b6d800 DEOPT UNPACKING pc=0x0000000002d6787f sp=0x0000000002b4d990 mode 0


Dynamic libraries:
0x00007ff64bc80000 - 0x00007ff64bcb7000 	C:\Program Files\Java\jdk1.8.0_144\bin\java.exe
0x00007ffbdab00000 - 0x00007ffbdacad000 	C:\Windows\SYSTEM32\ntdll.dll
0x00007ffbd9c20000 - 0x00007ffbd9d5e000 	C:\Windows\system32\KERNEL32.DLL
0x00007ffbd7cf0000 - 0x00007ffbd7e05000 	C:\Windows\system32\KERNELBASE.dll
0x00007ffbd67f0000 - 0x00007ffbd687e000 	C:\Windows\system32\apphelp.dll
0x00007ffbd30b0000 - 0x00007ffbd3103000 	C:\Windows\AppPatch\AppPatch64\AcGenral.DLL
0x00007ffbd9a60000 - 0x00007ffbd9b0a000 	C:\Windows\system32\msvcrt.dll
0x00007ffbd8150000 - 0x00007ffbd817e000 	C:\Windows\system32\SspiCli.dll
0x00007ffbd8190000 - 0x00007ffbd81e4000 	C:\Windows\system32\SHLWAPI.dll
0x00007ffbda030000 - 0x00007ffbda1a7000 	C:\Windows\system32\USER32.dll
0x00007ffbda550000 - 0x00007ffbda6e4000 	C:\Windows\system32\ole32.dll
0x00007ffbd81f0000 - 0x00007ffbd9718000 	C:\Windows\system32\SHELL32.dll
0x00007ffbd71f0000 - 0x00007ffbd7211000 	C:\Windows\SYSTEM32\USERENV.dll
0x00007ffbd9b70000 - 0x00007ffbd9c1a000 	C:\Windows\system32\ADVAPI32.dll
0x00007ffbcbbd0000 - 0x00007ffbcbbee000 	C:\Windows\SYSTEM32\MPR.dll
0x00007ffbda1b0000 - 0x00007ffbda2f0000 	C:\Windows\system32\RPCRT4.dll
0x00007ffbda870000 - 0x00007ffbda8c9000 	C:\Windows\SYSTEM32\sechost.dll
0x00007ffbda2f0000 - 0x00007ffbda501000 	C:\Windows\SYSTEM32\combase.dll
0x00007ffbd9850000 - 0x00007ffbd999f000 	C:\Windows\system32\GDI32.dll
0x00007ffbd7c20000 - 0x00007ffbd7c35000 	C:\Windows\SYSTEM32\profapi.dll
0x00007ffbd6000000 - 0x00007ffbd60b2000 	C:\Windows\SYSTEM32\SHCORE.dll
0x00007ffbda510000 - 0x00007ffbda546000 	C:\Windows\system32\IMM32.DLL
0x00007ffbda710000 - 0x00007ffbda862000 	C:\Windows\system32\MSCTF.dll
0x00007ffbd5370000 - 0x00007ffbd55eb000 	C:\Windows\WinSxS\amd64_microsoft.windows.common-controls_6595b64144ccf1df_6.0.9600.18006_none_623f33d3ecbe86e8\COMCTL32.dll
0x000000006b0d0000 - 0x000000006b1a2000 	C:\Program Files\Java\jdk1.8.0_144\jre\bin\msvcr100.dll
0x000000006a830000 - 0x000000006b0cd000 	C:\Program Files\Java\jdk1.8.0_144\jre\bin\server\jvm.dll
0x00007ffbd4d20000 - 0x00007ffbd4d29000 	C:\Windows\SYSTEM32\WSOCK32.dll
0x00007ffbc4aa0000 - 0x00007ffbc4ac2000 	C:\Windows\SYSTEM32\WINMM.dll
0x00007ffbd06e0000 - 0x00007ffbd06ea000 	C:\Windows\SYSTEM32\VERSION.dll
0x00007ffbda700000 - 0x00007ffbda707000 	C:\Windows\system32\PSAPI.DLL
0x00007ffbd97f0000 - 0x00007ffbd984a000 	C:\Windows\system32\WS2_32.dll
0x00007ffbc4a70000 - 0x00007ffbc4a9a000 	C:\Windows\SYSTEM32\WINMMBASE.dll
0x00007ffbda6f0000 - 0x00007ffbda6f9000 	C:\Windows\system32\NSI.dll
0x00007ffbd7ff0000 - 0x00007ffbd803f000 	C:\Windows\SYSTEM32\cfgmgr32.dll
0x00007ffbd6a40000 - 0x00007ffbd6a68000 	C:\Windows\SYSTEM32\DEVOBJ.dll
0x000000006a820000 - 0x000000006a82f000 	C:\Program Files\Java\jdk1.8.0_144\jre\bin\verify.dll
0x000000006a7f0000 - 0x000000006a819000 	C:\Program Files\Java\jdk1.8.0_144\jre\bin\java.dll
0x000000006a7d0000 - 0x000000006a7e6000 	C:\Program Files\Java\jdk1.8.0_144\jre\bin\zip.dll

VM Arguments:
jvm_args: -Djava.awt.headless=true -Xmx4g -Dfile.encoding=windows-1252 -Duser.country=IN -Duser.language=en -Duser.variant 
java_command: com.android.dx.command.Main --dex --force-jumbo --num-threads=4 --multi-dex --output C:\Users\user\Desktop\Monika(Dec)\Mp Retailer 3\app\build\intermediates\transforms\dex\debug\folders\1000\5\slice_5 C:\Users\user\Desktop\Monika(Dec)\Mp Retailer 3\app\build\intermediates\transforms\instantRunSlicer\debug\folders\1\5\slice_5
java_class_path (initial): C:\Users\Administrator\AppData\Local\Android\Sdk\build-tools\26.0.0\lib\dx.jar
Launcher Type: SUN_STANDARD

Environment Variables:
JAVA_HOME= C:\Program Files\Java\jdk1.8.0_144\bin
PATH=C:\Users\user\bin;C:\Windows\system32;C:\Windows;C:\Windows\System32\Wbem;C:\Windows\System32\WindowsPowerShell\v1.0\;C:\Program Files\Microsoft SQL Server\Client SDK\ODBC\110\Tools\Binn\;C:\Program Files (x86)\Microsoft SQL Server\120\Tools\Binn\;C:\Program Files\Microsoft SQL Server\120\Tools\Binn\;C:\Program Files\Microsoft SQL Server\120\DTS\Binn\;C:\Program Files (x86)\Microsoft SQL Server\120\Tools\Binn\ManagementStudio\;C:\Program Files (x86)\Microsoft SQL Server\120\DTS\Binn\;C:\Users\user\.dnx\bin;C:\Program Files\Microsoft DNX\Dnvm\;C:\Program Files\Microsoft SQL Server\130\Tools\Binn\;C:\Program Files\TortoiseSVN\bin;C:\Program Files (x86)\VisualSVN\bin;C:\Program Files (x86)\Microsoft SQL Server\110\Tools\Binn\ManagementStudio\;C:\Program Files (x86)\Microsoft SQL Server\110\Tools\Binn\;C:\Program Files (x86)\Microsoft Visual Studio 11.0\Common7\IDE\PrivateAssemblies\;C:\Program Files (x86)\Microsoft SQL Server\110\DTS\Binn\;C:\Program Files (x86)\Microsoft SQL Server\130\DTS\Binn\;C:\Program Files\Java\jdk1.8.0_144\bin; ;C:\Program Files\Java\jdk1.8.0_144\bin:
USERNAME=User
OS=Windows_NT
PROCESSOR_IDENTIFIER=Intel64 Family 6 Model 60 Stepping 3, GenuineIntel



---------------  S Y S T E M  ---------------

OS: Windows 8.1 , 64 bit Build 9600 (6.3.9600.17415)

CPU:total 4 (initial active 4) (2 cores per cpu, 2 threads per core) family 6 model 60 stepping 3, cmov, cx8, fxsr, mmx, sse, sse2, sse3, ssse3, sse4.1, sse4.2, popcnt, avx, avx2, aes, clmul, erms, lzcnt, ht, tsc, tscinvbit, bmi1, bmi2

Memory: 4k page, physical 8254472k(363248k free), swap 14888552k(5780k free)

vm_info: Java HotSpot(TM) 64-Bit Server VM (25.144-b01) for windows-amd64 JRE (1.8.0_144-b01), built on Jul 21 2017 21:57:33 by "java_re" with MS VC++ 10.0 (VS2010)

time: Mon Jun 04 19:27:36 2018
elapsed time: 5 seconds (0d 0h 0m 5s)

