JvmtiExport can_access_local_variables 0
JvmtiExport can_hotswap_or_post_breakpoint 0
JvmtiExport can_post_on_exceptions 0
# 349 ciObject found
ciMethod java/lang/Object <init> ()V 4097 1 9332635 0 0
ciMethod java/lang/System arraycopy (Ljava/lang/Object;ILjava/lang/Object;II)V 5121 1 640 0 -1
ciMethod java/lang/StringBuilder <init> ()V 609 1 115224 0 -1
ciMethod java/lang/StringBuilder append (Ljava/lang/String;)Ljava/lang/StringBuilder; 953 1 291123 0 -1
ciMethod java/lang/StringBuilder append (I)Ljava/lang/StringBuilder; 0 0 9 0 -1
ciMethod java/lang/StringBuilder toString ()Ljava/lang/String; 609 1 115135 0 -1
ciMethod java/lang/Integer numberOfTrailingZeros (I)I 4097 1 3708 0 -1
ciMethod java/lang/Integer bitCount (I)I 98497 1 12312 0 -1
ciMethod java/lang/Long numberOfTrailingZeros (J)I 1137 1 114326 0 -1
ciMethod java/lang/Long bitCount (J)I 4097 1 4802 0 -1
ciMethod java/util/ArrayList size ()I 1097 1 137 0 0
ciMethod java/util/ArrayList indexOf (Ljava/lang/Object;)I 4097 737 11777 0 -1
ciMethod java/util/ArrayList elementData (I)Ljava/lang/Object; 1985 1 7172531 0 0
ciMethod java/util/ArrayList get (I)Ljava/lang/Object; 1985 1 7062645 0 128
ciMethod java/util/ArrayList add (ILjava/lang/Object;)V 2721 1 63649 0 -1
ciMethod java/util/ArrayList rangeCheck (I)V 1985 1 7143647 0 64
ciMethod java/util/ArrayList iterator ()Ljava/util/Iterator; 3121 1 1541606 0 -1
ciMethod java/lang/Math max (II)I 281 1 841317 0 -1
ciMethod java/lang/Math min (II)I 4049 1 284346 0 -1
ciMethod java/util/Iterator hasNext ()Z 0 0 1 0 -1
ciMethod java/util/Iterator next ()Ljava/lang/Object; 0 0 1 0 -1
ciMethod java/util/Arrays sort ([III)V 32793 1 7428 0 -1
ciMethod java/util/Arrays copyOf ([JI)[J 29689 1 5869 0 0
ciMethodData java/lang/Object <init> ()V 2 9332635 orig 264 88 66 225 106 0 0 0 0 128 4 140 27 0 0 0 0 32 1 0 0 0 0 0 0 0 0 0 0 0 0 0 0 0 0 0 0 0 0 0 0 0 0 0 0 0 0 0 0 0 0 0 0 0 0 0 0 0 0 0 0 0 0 0 0 0 0 0 0 0 0 0 0 0 0 0 0 0 0 0 0 77 68 79 32 101 120 116 114 97 32 100 97 116 97 32 108 111 99 107 0 0 0 0 0 0 0 0 0 0 0 0 0 0 0 0 0 0 0 0 0 0 0 0 0 0 0 0 0 0 0 0 0 0 0 0 0 0 0 0 0 0 0 0 0 0 0 0 0 0 0 0 0 0 0 0 0 0 0 0 0 0 0 0 0 0 0 0 0 0 0 0 0 0 0 0 0 0 0 0 0 0 0 0 0 1 0 0 0 0 0 0 0 1 0 0 0 0 0 0 0 1 0 0 0 0 0 0 0 0 0 0 0 0 0 0 0 0 2 0 0 217 44 115 4 1 0 0 0 0 0 0 0 0 0 0 0 2 0 0 0 0 0 3 0 1 0 0 0 0 0 0 0 255 255 255 255 0 0 0 0 0 0 0 0 data 0 oops 0
ciMethod java/lang/IllegalArgumentException <init> (Ljava/lang/String;)V 0 0 1 0 -1
ciMethod java/util/BitSet wordIndex (I)I 3209 1 480086 0 0
ciMethod java/util/BitSet checkInvariants ()V 3185 1 6633 0 32
ciMethod java/util/BitSet <init> (I)V 3209 1 7672 0 288
ciMethod java/util/BitSet initWords (I)V 3273 1 7674 0 0
ciMethod java/util/BitSet ensureCapacity (I)V 161 1 25696 0 512
ciMethod java/util/BitSet expandTo (I)V 9289 1 169738 0 0
ciMethod java/util/BitSet set (I)V 1505 1 5674 0 320
ciMethod java/util/BitSet clear ()V 4385 55097 2766 0 0
ciMethod java/util/BitSet get (I)Z 1585 1 7159 0 160
ciMethod java/util/BitSet nextSetBit (I)I 2073 1 5600 0 -1
ciMethod java/util/BitSet nextClearBit (I)I 458841 153 178214 0 288
ciMethod java/util/BitSet cardinality ()I 4097 217601 320424 0 128
ciMethodData java/util/ArrayList get (I)Ljava/lang/Object; 2 7062645 orig 264 88 66 225 106 0 0 0 0 24 240 152 27 0 0 0 0 144 1 0 0 0 0 0 0 0 0 0 0 0 0 0 0 0 0 0 0 0 0 0 0 0 0 0 0 0 0 0 0 0 0 0 0 0 0 0 0 0 0 0 0 0 0 0 0 0 0 0 0 0 0 0 0 0 0 0 0 0 0 0 0 77 68 79 32 101 120 116 114 97 32 100 97 116 97 32 108 111 99 107 0 0 0 0 0 0 0 0 0 0 0 0 0 0 0 0 0 0 0 0 0 0 0 0 0 0 0 0 0 0 0 0 0 0 0 0 0 0 0 0 0 0 0 0 0 0 0 0 0 0 0 0 0 0 0 0 0 0 0 0 0 0 0 0 0 0 0 0 0 0 0 0 0 0 0 0 0 0 0 0 0 0 0 0 0 0 0 0 0 0 0 0 0 0 0 0 0 0 0 0 0 0 0 0 0 0 0 0 0 0 0 0 0 0 0 0 0 248 0 0 0 233 27 94 3 1 0 0 0 0 0 0 0 0 0 0 0 2 0 0 0 0 0 6 0 2 0 0 0 64 0 0 0 255 255 255 255 2 0 2 0 0 0 0 0 data 8 0x20002 0x6bcf4f 0x70005 0x0 0x1e688bb0 0x6bf02a 0x0 0x0 oops 1